2022-07-17 21:10:59.985  INFO 13920 --- [main] m.order_service.OrderServiceApplication  : No active profile set, falling back to default profiles: default
2022-07-17 21:11:00.471  INFO 13920 --- [main] o.s.cloud.context.scope.GenericScope     : BeanFactory id=59394b17-ebab-3c19-9402-c44b376e12f0
2022-07-17 21:11:00.679  INFO 13920 --- [main] o.s.b.w.embedded.tomcat.TomcatWebServer  : Tomcat initialized with port(s): 8081 (http)
2022-07-17 21:11:00.686  INFO 13920 --- [main] o.apache.catalina.core.StandardService   : Starting service [Tomcat]
2022-07-17 21:11:00.687  INFO 13920 --- [main] org.apache.catalina.core.StandardEngine  : Starting Servlet engine: [Apache Tomcat/9.0.43]
2022-07-17 21:11:00.805  INFO 13920 --- [main] o.a.c.c.C.[Tomcat].[localhost].[/]       : Initializing Spring embedded WebApplicationContext
2022-07-17 21:11:00.805  INFO 13920 --- [main] w.s.c.ServletWebServerApplicationContext : Root WebApplicationContext: initialization completed in 807 ms
2022-07-17 21:11:00.890  INFO 13920 --- [main] c.a.d.s.b.a.DruidDataSourceAutoConfigure : Init DruidDataSource
2022-07-17 21:11:00.976  INFO 13920 --- [main] com.alibaba.druid.pool.DruidDataSource   : {dataSource-1} inited
2022-07-17 21:11:01.383  WARN 13920 --- [main] c.n.c.sources.URLConfigurationSource     : No URLs will be polled as dynamic configuration sources.
2022-07-17 21:11:01.384  INFO 13920 --- [main] c.n.c.sources.URLConfigurationSource     : To enable URLs as dynamic configuration sources, define System property archaius.configurationSource.additionalUrls or make config.properties available on classpath.
2022-07-17 21:11:01.386  WARN 13920 --- [main] c.n.c.sources.URLConfigurationSource     : No URLs will be polled as dynamic configuration sources.
2022-07-17 21:11:01.386  INFO 13920 --- [main] c.n.c.sources.URLConfigurationSource     : To enable URLs as dynamic configuration sources, define System property archaius.configurationSource.additionalUrls or make config.properties available on classpath.
2022-07-17 21:11:01.462  INFO 13920 --- [main] o.s.s.concurrent.ThreadPoolTaskExecutor  : Initializing ExecutorService 'applicationTaskExecutor'
2022-07-17 21:11:01.529  INFO 13920 --- [main] o.s.s.c.ThreadPoolTaskScheduler          : Initializing ExecutorService 'Nacos-Watch-Task-Scheduler'
2022-07-17 21:11:01.899  INFO 13920 --- [main] o.s.b.w.embedded.tomcat.TomcatWebServer  : Tomcat started on port(s): 8081 (http) with context path ''
2022-07-17 21:11:01.909  INFO 13920 --- [main] c.a.c.n.registry.NacosServiceRegistry    : nacos registry, DEFAULT_GROUP orderservice 192.168.202.1:8081 register finished
2022-07-17 21:11:02.014  INFO 13920 --- [main] m.order_service.OrderServiceApplication  : Started OrderServiceApplication in 2.783 seconds (JVM running for 3.424)
2022-07-17 21:11:02.103  INFO 13920 --- [main] c.netflix.loadbalancer.BaseLoadBalancer  : Client: userservice instantiated a LoadBalancer: DynamicServerListLoadBalancer:{NFLoadBalancer:name=userservice,current list of Servers=[],Load balancer stats=Zone stats: {},Server stats: []}ServerList:null
2022-07-17 21:11:02.118  INFO 13920 --- [main] c.n.l.DynamicServerListLoadBalancer      : Using serverListUpdater PollingServerListUpdater
2022-07-17 21:11:02.149  INFO 13920 --- [main] c.n.l.DynamicServerListLoadBalancer      : DynamicServerListLoadBalancer for client userservice initialized: DynamicServerListLoadBalancer:{NFLoadBalancer:name=userservice,current list of Servers=[192.168.202.1:8082],Load balancer stats=Zone stats: {unknown=[Zone:unknown;	Instance count:1;	Active connections count: 0;	Circuit breaker tripped count: 0;	Active connections per server: 0.0;]
},Server stats: [[Server:192.168.202.1:8082;	Zone:UNKNOWN;	Total Requests:0;	Successive connection failure:0;	Total blackout seconds:0;	Last connection made:Thu Jan 01 08:00:00 CST 1970;	First connection made: Thu Jan 01 08:00:00 CST 1970;	Active Connections:0;	total failure count in last (1000) msecs:0;	average resp time:0.0;	90 percentile resp time:0.0;	95 percentile resp time:0.0;	min resp time:0.0;	max resp time:0.0;	stddev resp time:0.0]
]}ServerList:com.alibaba.cloud.nacos.ribbon.NacosServerList@6e3b2dd3
2022-07-17 21:11:13.970  WARN 13920 --- [Thread-5] c.a.n.common.http.HttpClientBeanHolder   : [HttpClientBeanHolder] Start destroying common HttpClient
2022-07-17 21:11:13.970  WARN 13920 --- [Thread-11] c.a.nacos.common.notify.NotifyCenter     : [NotifyCenter] Start destroying Publisher
2022-07-17 21:11:13.970  INFO 13920 --- [Thread-16] c.n.l.PollingServerListUpdater           : Shutting down the Executor Pool for PollingServerListUpdater
2022-07-17 21:11:13.970  WARN 13920 --- [Thread-11] c.a.nacos.common.notify.NotifyCenter     : [NotifyCenter] Destruction of the end
2022-07-17 21:11:13.971  WARN 13920 --- [Thread-5] c.a.n.common.http.HttpClientBeanHolder   : [HttpClientBeanHolder] Destruction of the end
2022-07-17 21:11:13.997  INFO 13920 --- [SpringContextShutdownHook] o.s.s.c.ThreadPoolTaskScheduler          : Shutting down ExecutorService 'Nacos-Watch-Task-Scheduler'
2022-07-17 21:11:13.997  INFO 13920 --- [SpringContextShutdownHook] c.a.c.n.registry.NacosServiceRegistry    : De-registering from Nacos Server now...
2022-07-17 21:11:14.001  INFO 13920 --- [SpringContextShutdownHook] c.a.c.n.registry.NacosServiceRegistry    : De-registration finished.
2022-07-17 21:11:20.053  WARN 13920 --- [SpringContextShutdownHook] o.s.b.f.support.DisposableBeanAdapter    : Destroy method 'close' on bean with name 'nacosServiceRegistry' threw an exception: java.lang.NullPointerException: Cannot invoke "com.alibaba.nacos.api.naming.NamingService.shutDown()" because "this.namingService" is null
2022-07-17 21:11:20.054  INFO 13920 --- [SpringContextShutdownHook] o.s.s.concurrent.ThreadPoolTaskExecutor  : Shutting down ExecutorService 'applicationTaskExecutor'
2022-07-17 21:11:20.064  INFO 13920 --- [SpringContextShutdownHook] com.alibaba.druid.pool.DruidDataSource   : {dataSource-1} closing ...
2022-07-17 21:11:20.065  INFO 13920 --- [SpringContextShutdownHook] com.alibaba.druid.pool.DruidDataSource   : {dataSource-1} closed
